  MyForm.cpp
D:\Uni\Level-4\HashimToolBox\HashimToolBox\MyForm.h(835,62): warning C4244: 'argument': conversion from 'int' to '_Tp', possible loss of data
          with
          [
              _Tp=float
          ]
D:\Uni\Level-4\HashimToolBox\HashimToolBox\MyForm.h(835,48): warning C4244: 'argument': conversion from 'int' to '_Tp', possible loss of data
          with
          [
              _Tp=float
          ]
D:\Uni\Level-4\HashimToolBox\HashimToolBox\MyForm.h(890,53): warning C4244: 'argument': conversion from 'double' to 'float', possible loss of data
D:\Uni\Level-4\HashimToolBox\HashimToolBox\MyForm.h(997,32): warning C4244: 'argument': conversion from 'int' to '_Tp', possible loss of data
          with
          [
              _Tp=float
          ]
D:\Uni\Level-4\HashimToolBox\HashimToolBox\MyForm.h(998,37): warning C4244: 'argument': conversion from 'int' to '_Tp', possible loss of data
          with
          [
              _Tp=float
          ]
D:\Uni\Level-4\HashimToolBox\HashimToolBox\MyForm.h(1000,32): warning C4244: 'argument': conversion from 'int' to '_Tp', possible loss of data
          with
          [
              _Tp=float
          ]
D:\Uni\Level-4\HashimToolBox\HashimToolBox\MyForm.h(1001,35): warning C4244: 'argument': conversion from 'int' to '_Tp', possible loss of data
          with
          [
              _Tp=float
          ]
D:\Uni\Level-4\HashimToolBox\HashimToolBox\MyForm.h(1005,32): warning C4244: 'argument': conversion from 'int' to '_Tp', possible loss of data
          with
          [
              _Tp=float
          ]
D:\Uni\Level-4\HashimToolBox\HashimToolBox\MyForm.h(1006,36): warning C4244: 'argument': conversion from 'int' to '_Tp', possible loss of data
          with
          [
              _Tp=float
          ]
D:\Uni\Level-4\HashimToolBox\HashimToolBox\MyForm.h(1008,32): warning C4244: 'argument': conversion from 'int' to '_Tp', possible loss of data
          with
          [
              _Tp=float
          ]
D:\Uni\Level-4\HashimToolBox\HashimToolBox\MyForm.h(1009,35): warning C4244: 'argument': conversion from 'int' to '_Tp', possible loss of data
          with
          [
              _Tp=float
          ]
D:\Uni\Level-4\HashimToolBox\HashimToolBox\MyForm.cpp(7,33): warning C4829: Possibly incorrect parameters to function main. Consider 'int main(Platform::Array<Platform::String^>^ argv)'
C:\opencv\build\include\opencv2\core\cvstd.hpp(575): warning C4793: 'cv::String::String': function compiled as native:
  	Found an intrinsic not supported in managed code
C:\opencv\build\include\opencv2\core\cuda.inl.hpp(105): warning C4793: 'cv::cuda::GpuMat::GpuMat': function compiled as native:
  	Found an intrinsic not supported in managed code
C:\opencv\build\include\opencv2\core\cuda.inl.hpp(395): warning C4793: 'cv::cuda::HostMem::HostMem': function compiled as native:
  	Found an intrinsic not supported in managed code
C:\opencv\build\include\opencv2\core\mat.inl.hpp(482): warning C4793: 'cv::Mat::Mat': function compiled as native:
  	Found an intrinsic not supported in managed code
C:\opencv\build\include\opencv2\core\mat.inl.hpp(815): warning C4793: 'cv::Mat::release': function compiled as native:
  	Found an intrinsic not supported in managed code
C:\opencv\build\include\opencv2\core\mat.inl.hpp(2135): warning C4793: 'cv::SparseMat::addref': function compiled as native:
  	Found an intrinsic not supported in managed code
C:\opencv\build\include\opencv2\core\mat.inl.hpp(3735): warning C4793: 'cv::UMat::addref': function compiled as native:
  	Found an intrinsic not supported in managed code
C:\opencv\build\include\opencv2\core\ptr.inl.hpp(67): warning C4793: 'cv::detail::PtrOwner::incRef': function compiled as native:
  	Found an intrinsic not supported in managed code
C:\opencv\build\include\opencv2\core\ptr.inl.hpp(72): warning C4793: 'cv::detail::PtrOwner::decRef': function compiled as native:
  	Found an intrinsic not supported in managed code
C:\opencv\build\include\opencv2\core\cvstd.hpp(657): warning C4793: 'cv::String::operator=': function compiled as native:
  	Found an intrinsic not supported in managed code
C:\opencv\build\include\opencv2\core\mat.inl.hpp(713): warning C4793: 'cv::Mat::operator=': function compiled as native:
  	Found an intrinsic not supported in managed code
  MyForm.obj : MSIL module encountered; incremental linking is disabled for MSIL; performing full link
  HashimToolBox.vcxproj -> D:\Uni\Level-4\HashimToolBox\x64\Debug\HashimToolBox.exe
